<?xml version="1.0" encoding="UTF-8"?>
<testsuite xmlns:xsi="http://www.w3.org/2001/XMLSchema-instance" xsi:noNamespaceSchemaLocation="https://maven.apache.org/surefire/maven-surefire-plugin/xsd/surefire-test-report.xsd" name="es.upm.grise.profundizacion.control_1.LibraryTest" time="0.046" tests="6" errors="0" skipped="0" failures="0">
  <properties>
    <property name="java.specification.version" value="21"/>
    <property name="sun.cpu.isalist" value="amd64"/>
    <property name="sun.jnu.encoding" value="Cp1252"/>
    <property name="java.class.path" value="C:\Users\Admin_Irene\Desktop\Profundizacion\PROF-2021-EX1-main\PROF-2021-EX1-main\target\test-classes;C:\Users\Admin_Irene\Desktop\Profundizacion\PROF-2021-EX1-main\PROF-2021-EX1-main\target\classes;C:\Users\Admin_Irene\.m2\repository\org\junit\jupiter\junit-jupiter-engine\5.10.0\junit-jupiter-engine-5.10.0.jar;C:\Users\Admin_Irene\.m2\repository\org\junit\platform\junit-platform-engine\1.10.0\junit-platform-engine-1.10.0.jar;C:\Users\Admin_Irene\.m2\repository\org\apiguardian\apiguardian-api\1.1.2\apiguardian-api-1.1.2.jar;C:\Users\Admin_Irene\.m2\repository\org\junit\jupiter\junit-jupiter-api\5.10.0\junit-jupiter-api-5.10.0.jar;C:\Users\Admin_Irene\.m2\repository\org\opentest4j\opentest4j\1.3.0\opentest4j-1.3.0.jar;C:\Users\Admin_Irene\.m2\repository\org\junit\platform\junit-platform-commons\1.10.0\junit-platform-commons-1.10.0.jar;"/>
    <property name="java.vm.vendor" value="Eclipse Adoptium"/>
    <property name="sun.arch.data.model" value="64"/>
    <property name="user.variant" value=""/>
    <property name="java.vendor.url" value="https://adoptium.net/"/>
    <property name="user.timezone" value="Europe/Madrid"/>
    <property name="os.name" value="Windows 11"/>
    <property name="java.vm.specification.version" value="21"/>
    <property name="sun.java.launcher" value="SUN_STANDARD"/>
    <property name="user.country" value="ES"/>
    <property name="sun.boot.library.path" value="C:\Program Files\Eclipse Adoptium\jdk-21.0.1.12-hotspot\bin"/>
    <property name="sun.java.command" value="C:\Users\ADMIN_~1\AppData\Local\Temp\surefire194242233247642237\surefirebooter1375332221319251950.jar C:\Users\Admin_Irene\AppData\Local\Temp\surefire194242233247642237 2024-12-10T22-07-29_673-jvmRun1 surefire16025844315641948693tmp surefire_011555384842187581199tmp"/>
    <property name="jdk.debug" value="release"/>
    <property name="surefire.test.class.path" value="C:\Users\Admin_Irene\Desktop\Profundizacion\PROF-2021-EX1-main\PROF-2021-EX1-main\target\test-classes;C:\Users\Admin_Irene\Desktop\Profundizacion\PROF-2021-EX1-main\PROF-2021-EX1-main\target\classes;C:\Users\Admin_Irene\.m2\repository\org\junit\jupiter\junit-jupiter-engine\5.10.0\junit-jupiter-engine-5.10.0.jar;C:\Users\Admin_Irene\.m2\repository\org\junit\platform\junit-platform-engine\1.10.0\junit-platform-engine-1.10.0.jar;C:\Users\Admin_Irene\.m2\repository\org\apiguardian\apiguardian-api\1.1.2\apiguardian-api-1.1.2.jar;C:\Users\Admin_Irene\.m2\repository\org\junit\jupiter\junit-jupiter-api\5.10.0\junit-jupiter-api-5.10.0.jar;C:\Users\Admin_Irene\.m2\repository\org\opentest4j\opentest4j\1.3.0\opentest4j-1.3.0.jar;C:\Users\Admin_Irene\.m2\repository\org\junit\platform\junit-platform-commons\1.10.0\junit-platform-commons-1.10.0.jar;"/>
    <property name="sun.cpu.endian" value="little"/>
    <property name="user.home" value="C:\Users\Admin_Irene"/>
    <property name="user.language" value="es"/>
    <property name="java.specification.vendor" value="Oracle Corporation"/>
    <property name="java.version.date" value="2023-10-17"/>
    <property name="java.home" value="C:\Program Files\Eclipse Adoptium\jdk-21.0.1.12-hotspot"/>
    <property name="file.separator" value="\"/>
    <property name="basedir" value="C:\Users\Admin_Irene\Desktop\Profundizacion\PROF-2021-EX1-main\PROF-2021-EX1-main"/>
    <property name="java.vm.compressedOopsMode" value="Zero based"/>
    <property name="line.separator" value="&#10;"/>
    <property name="java.vm.specification.vendor" value="Oracle Corporation"/>
    <property name="java.specification.name" value="Java Platform API Specification"/>
    <property name="surefire.real.class.path" value="C:\Users\ADMIN_~1\AppData\Local\Temp\surefire194242233247642237\surefirebooter1375332221319251950.jar"/>
    <property name="user.script" value=""/>
    <property name="sun.management.compiler" value="HotSpot 64-Bit Tiered Compilers"/>
    <property name="java.runtime.version" value="21.0.1+12-LTS"/>
    <property name="user.name" value="Admin_Irene"/>
    <property name="stdout.encoding" value="Cp1252"/>
    <property name="path.separator" value=";"/>
    <property name="os.version" value="10.0"/>
    <property name="java.runtime.name" value="OpenJDK Runtime Environment"/>
    <property name="file.encoding" value="UTF-8"/>
    <property name="java.vm.name" value="OpenJDK 64-Bit Server VM"/>
    <property name="java.vendor.version" value="Temurin-21.0.1+12"/>
    <property name="localRepository" value="C:\Users\Admin_Irene\.m2\repository"/>
    <property name="java.vendor.url.bug" value="https://github.com/adoptium/adoptium-support/issues"/>
    <property name="java.io.tmpdir" value="C:\Users\ADMIN_~1\AppData\Local\Temp\"/>
    <property name="java.version" value="21.0.1"/>
    <property name="user.dir" value="C:\Users\Admin_Irene\Desktop\Profundizacion\PROF-2021-EX1-main\PROF-2021-EX1-main"/>
    <property name="os.arch" value="amd64"/>
    <property name="java.vm.specification.name" value="Java Virtual Machine Specification"/>
    <property name="sun.os.patch.level" value=""/>
    <property name="native.encoding" value="Cp1252"/>
    <property name="java.library.path" value="C:\Program Files\Eclipse Adoptium\jdk-21.0.1.12-hotspot\bin;C:\WINDOWS\Sun\Java\bin;C:\WINDOWS\system32;C:\WINDOWS;C:\Program Files\Eclipse Adoptium\jdk-21.0.1.12-hotspot\bin;C:\Program Files (x86)\Common Files\Oracle\Java\javapath;C:\Program Files\AdoptOpenJDK\jdk-11.0.10.9-hotspot\bin;c:\Software\octave3.6.4\bin;C:\Program Files (x86)\Qucs\bin;C:\WINDOWS\system32;C:\WINDOWS;C:\WINDOWS\System32\Wbem;C:\WINDOWS\System32\WindowsPowerShell\v1.0\;C:\WINDOWS\System32\OpenSSH\;C:\Program Files (x86)\NVIDIA Corporation\PhysX\Common;C:\Program Files\NVIDIA Corporation\NVIDIA NvDLISR;C:\Program Files (x86)\mingw32\bin;C:\Program Files\PuTTY\;C:\msys64\mingw64\bin;C:\Program Files (x86)\Common Files\DivX Shared\DesktopService;C:\Program Files\AutoFirma\AutoFirma;C:\Program Files\dotnet\;C:\WINDOWS\system32;C:\WINDOWS;C:\WINDOWS\System32\Wbem;C:\WINDOWS\System32\WindowsPowerShell\v1.0\;C:\WINDOWS\System32\OpenSSH\;C:\Program Files\MATLAB\R2024b\bin;C:\Users\Admin_Irene\Downloads\apache-maven-3.9.9-bin\apache-maven-3.9.9\bin;C:\Program Files\Git\cmd;C:\Users\Admin_Irene\Downloads\Gradle\gradle-8.11.1\bin;C:\Program Files\MySQL\MySQL Shell 8.0\bin\;C:\Users\Admin_Irene\AppData\Local\Microsoft\WindowsApps;C:\intelFPGA\20.1\modelsim_ase\win32aloem;C:\msys64\mingw64\bin;C:\Users\Admin_Irene\AppData\Local\Programs\Microsoft VS Code\bin;;."/>
    <property name="java.vm.info" value="mixed mode, sharing"/>
    <property name="stderr.encoding" value="Cp1252"/>
    <property name="java.vendor" value="Eclipse Adoptium"/>
    <property name="java.vm.version" value="21.0.1+12-LTS"/>
    <property name="sun.io.unicode.encoding" value="UnicodeLittle"/>
    <property name="java.class.version" value="65.0"/>
  </properties>
  <testcase name="testGetBook2" classname="es.upm.grise.profundizacion.control_1.LibraryTest" time="0.023"/>
  <testcase name="testAddBook" classname="es.upm.grise.profundizacion.control_1.LibraryTest" time="0"/>
  <testcase name="testRemoveBook2" classname="es.upm.grise.profundizacion.control_1.LibraryTest" time="0.002"/>
  <testcase name="testAddBook2" classname="es.upm.grise.profundizacion.control_1.LibraryTest" time="0.001"/>
  <testcase name="testGetBook" classname="es.upm.grise.profundizacion.control_1.LibraryTest" time="0.001"/>
  <testcase name="testRemoveBook" classname="es.upm.grise.profundizacion.control_1.LibraryTest" time="0.001"/>
</testsuite>